<?xml version="1.0" encoding="utf-8"?>
<CoverageSession xmlns:xsd="http://www.w3.org/2001/XMLSchema" xmlns:xsi="http://www.w3.org/2001/XMLSchema-instance">
  <Summary numSequencePoints="47" visitedSequencePoints="47" numBranchPoints="30" visitedBranchPoints="25" sequenceCoverage="100" branchCoverage="83.33" maxCyclomaticComplexity="5" minCyclomaticComplexity="1" visitedClasses="2" numClasses="2" visitedMethods="16" numMethods="16" />
  <Modules>
    <Module skippedDueTo="Filter" hash="7F-4E-EA-3B-6F-54-D3-91-5E-FE-62-68-9E-42-98-12-3C-7D-D8-12">
      <ModulePath>C:\WINDOWS\Microsoft.Net\assembly\GAC_64\mscorlib\v4.0_4.0.0.0__b77a5c561934e089\mscorlib.dll</ModulePath>
      <ModuleTime>2016-07-16T11:43:57.1242712Z</ModuleTime>
      <ModuleName>mscorlib</ModuleName>
      <Classes />
    </Module>
    <Module skippedDueTo="Filter" hash="A0-13-70-5B-0F-CD-BB-71-34-C8-6E-8A-9A-2E-A1-8C-9B-38-AD-9B">
      <ModulePath>C:\Development\Cake.OctoDeploy\tools\NUnit.ConsoleRunner\tools\nunit3-console.exe</ModulePath>
      <ModuleTime>2016-10-11T18:54:10Z</ModuleTime>
      <ModuleName>nunit3-console</ModuleName>
      <Classes />
    </Module>
    <Module skippedDueTo="Filter" hash="2F-06-CB-9E-45-EB-3F-7A-7A-0E-09-BA-75-25-0C-EF-AA-90-8E-2B">
      <ModulePath>C:\WINDOWS\Microsoft.Net\assembly\GAC_MSIL\System\v4.0_4.0.0.0__b77a5c561934e089\System.dll</ModulePath>
      <ModuleTime>2016-07-16T11:43:55.5461496Z</ModuleTime>
      <ModuleName>System</ModuleName>
      <Classes />
    </Module>
    <Module skippedDueTo="Filter" hash="23-9B-37-CD-E3-B0-C3-B3-4C-72-D5-84-68-14-6B-07-67-29-6F-32">
      <ModulePath>C:\Development\Cake.OctoDeploy\tools\NUnit.ConsoleRunner\tools\nunit.engine.api.dll</ModulePath>
      <ModuleTime>2016-10-11T18:54:10Z</ModuleTime>
      <ModuleName>nunit.engine.api</ModuleName>
      <Classes />
    </Module>
    <Module skippedDueTo="Filter" hash="35-46-24-68-5F-DE-7C-88-C7-BB-2B-7C-F8-A9-B7-FA-F8-8C-58-4D">
      <ModulePath>C:\Development\Cake.OctoDeploy\tools\NUnit.ConsoleRunner\tools\nunit.engine.dll</ModulePath>
      <ModuleTime>2016-10-11T18:54:10Z</ModuleTime>
      <ModuleName>nunit.engine</ModuleName>
      <Classes />
    </Module>
    <Module skippedDueTo="Filter" hash="35-46-24-68-5F-DE-7C-88-C7-BB-2B-7C-F8-A9-B7-FA-F8-8C-58-4D">
      <ModulePath>C:\Development\Cake.OctoDeploy\tools\NUnit.ConsoleRunner\tools\nunit.engine.dll</ModulePath>
      <ModuleTime>2016-10-11T18:54:10Z</ModuleTime>
      <ModuleName>nunit.engine</ModuleName>
      <Classes />
    </Module>
    <Module skippedDueTo="Filter" hash="88-45-F0-9C-3C-9F-72-79-CB-6A-82-FA-D7-DB-C3-4A-59-80-3C-6B">
      <ModulePath>C:\WINDOWS\Microsoft.Net\assembly\GAC_MSIL\System.Xml\v4.0_4.0.0.0__b77a5c561934e089\System.Xml.dll</ModulePath>
      <ModuleTime>2016-07-16T11:43:55.4992744Z</ModuleTime>
      <ModuleName>System.Xml</ModuleName>
      <Classes />
    </Module>
    <Module skippedDueTo="Filter" hash="55-AD-EE-D1-1C-53-49-75-E3-88-58-79-CF-B4-C2-5D-9B-C6-56-C1">
      <ModulePath>C:\WINDOWS\Microsoft.Net\assembly\GAC_64\System.Web\v4.0_4.0.0.0__b03f5f7f11d50a3a\System.Web.dll</ModulePath>
      <ModuleTime>2016-07-16T11:43:59.421142Z</ModuleTime>
      <ModuleName>System.Web</ModuleName>
      <Classes />
    </Module>
    <Module skippedDueTo="Filter" hash="A6-44-D7-5C-2C-AA-24-6D-2E-64-A4-48-13-C2-22-F5-E4-2D-CE-96">
      <ModulePath>C:\WINDOWS\Microsoft.Net\assembly\GAC_MSIL\System.Runtime.Remoting\v4.0_4.0.0.0__b77a5c561934e089\System.Runtime.Remoting.dll</ModulePath>
      <ModuleTime>2016-07-16T11:43:55.4680251Z</ModuleTime>
      <ModuleName>System.Runtime.Remoting</ModuleName>
      <Classes />
    </Module>
    <Module skippedDueTo="Filter" hash="34-A3-5D-67-8E-E7-DB-60-FE-97-F3-BD-D4-E7-40-6B-00-DA-51-C8">
      <ModulePath>C:\WINDOWS\Microsoft.Net\assembly\GAC_MSIL\System.Configuration\v4.0_4.0.0.0__b03f5f7f11d50a3a\System.Configuration.dll</ModulePath>
      <ModuleTime>2016-07-16T11:43:53.9992781Z</ModuleTime>
      <ModuleName>System.Configuration</ModuleName>
      <Classes />
    </Module>
    <Module skippedDueTo="Filter" hash="8A-2E-8F-D6-9D-39-02-4A-2F-30-FC-06-42-F7-0F-A8-32-69-07-72">
      <ModulePath>C:\Development\Cake.OctoDeploy\tools\NUnit.ConsoleRunner\tools\Mono.Cecil.dll</ModulePath>
      <ModuleTime>2016-10-11T18:54:10Z</ModuleTime>
      <ModuleName>Mono.Cecil</ModuleName>
      <Classes />
    </Module>
    <Module skippedDueTo="Filter" hash="7F-4E-EA-3B-6F-54-D3-91-5E-FE-62-68-9E-42-98-12-3C-7D-D8-12">
      <ModulePath>C:\WINDOWS\Microsoft.Net\assembly\GAC_64\mscorlib\v4.0_4.0.0.0__b77a5c561934e089\mscorlib.dll</ModulePath>
      <ModuleTime>2016-07-16T11:43:57.1242712Z</ModuleTime>
      <ModuleName>mscorlib</ModuleName>
      <Classes />
    </Module>
    <Module skippedDueTo="Filter" hash="AB-84-7C-11-E5-DD-09-44-4B-08-A7-34-46-68-8B-BB-1B-1C-31-D2">
      <ModulePath>C:\Development\Cake.OctoDeploy\tools\NUnit.ConsoleRunner\tools\nunit-agent.exe</ModulePath>
      <ModuleTime>2016-10-11T18:54:10Z</ModuleTime>
      <ModuleName>nunit-agent</ModuleName>
      <Classes />
    </Module>
    <Module skippedDueTo="Filter" hash="35-46-24-68-5F-DE-7C-88-C7-BB-2B-7C-F8-A9-B7-FA-F8-8C-58-4D">
      <ModulePath>C:\Development\Cake.OctoDeploy\tools\NUnit.ConsoleRunner\tools\nunit.engine.dll</ModulePath>
      <ModuleTime>2016-10-11T18:54:10Z</ModuleTime>
      <ModuleName>nunit.engine</ModuleName>
      <Classes />
    </Module>
    <Module skippedDueTo="Filter" hash="23-9B-37-CD-E3-B0-C3-B3-4C-72-D5-84-68-14-6B-07-67-29-6F-32">
      <ModulePath>C:\Development\Cake.OctoDeploy\tools\NUnit.ConsoleRunner\tools\nunit.engine.api.dll</ModulePath>
      <ModuleTime>2016-10-11T18:54:10Z</ModuleTime>
      <ModuleName>nunit.engine.api</ModuleName>
      <Classes />
    </Module>
    <Module skippedDueTo="Filter" hash="2F-06-CB-9E-45-EB-3F-7A-7A-0E-09-BA-75-25-0C-EF-AA-90-8E-2B">
      <ModulePath>C:\WINDOWS\Microsoft.Net\assembly\GAC_MSIL\System\v4.0_4.0.0.0__b77a5c561934e089\System.dll</ModulePath>
      <ModuleTime>2016-07-16T11:43:55.5461496Z</ModuleTime>
      <ModuleName>System</ModuleName>
      <Classes />
    </Module>
    <Module skippedDueTo="Filter" hash="A6-44-D7-5C-2C-AA-24-6D-2E-64-A4-48-13-C2-22-F5-E4-2D-CE-96">
      <ModulePath>C:\WINDOWS\Microsoft.Net\assembly\GAC_MSIL\System.Runtime.Remoting\v4.0_4.0.0.0__b77a5c561934e089\System.Runtime.Remoting.dll</ModulePath>
      <ModuleTime>2016-07-16T11:43:55.4680251Z</ModuleTime>
      <ModuleName>System.Runtime.Remoting</ModuleName>
      <Classes />
    </Module>
    <Module skippedDueTo="Filter" hash="88-45-F0-9C-3C-9F-72-79-CB-6A-82-FA-D7-DB-C3-4A-59-80-3C-6B">
      <ModulePath>C:\WINDOWS\Microsoft.Net\assembly\GAC_MSIL\System.Xml\v4.0_4.0.0.0__b77a5c561934e089\System.Xml.dll</ModulePath>
      <ModuleTime>2016-07-16T11:43:55.4992744Z</ModuleTime>
      <ModuleName>System.Xml</ModuleName>
      <Classes />
    </Module>
    <Module skippedDueTo="Filter" hash="55-AD-EE-D1-1C-53-49-75-E3-88-58-79-CF-B4-C2-5D-9B-C6-56-C1">
      <ModulePath>C:\WINDOWS\Microsoft.Net\assembly\GAC_64\System.Web\v4.0_4.0.0.0__b03f5f7f11d50a3a\System.Web.dll</ModulePath>
      <ModuleTime>2016-07-16T11:43:59.421142Z</ModuleTime>
      <ModuleName>System.Web</ModuleName>
      <Classes />
    </Module>
    <Module skippedDueTo="Filter" hash="34-A3-5D-67-8E-E7-DB-60-FE-97-F3-BD-D4-E7-40-6B-00-DA-51-C8">
      <ModulePath>C:\WINDOWS\Microsoft.Net\assembly\GAC_MSIL\System.Configuration\v4.0_4.0.0.0__b03f5f7f11d50a3a\System.Configuration.dll</ModulePath>
      <ModuleTime>2016-07-16T11:43:53.9992781Z</ModuleTime>
      <ModuleName>System.Configuration</ModuleName>
      <Classes />
    </Module>
    <Module skippedDueTo="Filter" hash="8A-2E-8F-D6-9D-39-02-4A-2F-30-FC-06-42-F7-0F-A8-32-69-07-72">
      <ModulePath>C:\Development\Cake.OctoDeploy\tools\NUnit.ConsoleRunner\tools\Mono.Cecil.dll</ModulePath>
      <ModuleTime>2016-10-11T18:54:10Z</ModuleTime>
      <ModuleName>Mono.Cecil</ModuleName>
      <Classes />
    </Module>
    <Module skippedDueTo="Filter" hash="E7-66-5A-18-D3-04-27-DC-E1-A7-6B-CE-09-1D-64-31-67-96-A3-8F">
      <ModulePath>C:\Development\Cake.OctoDeploy\Cake.OctoDeploy.Tests\bin\Release\nunit.framework.dll</ModulePath>
      <ModuleTime>2016-10-03T18:52:56Z</ModuleTime>
      <ModuleName>nunit.framework</ModuleName>
      <Classes />
    </Module>
    <Module skippedDueTo="Filter" hash="2F-06-CB-9E-45-EB-3F-7A-7A-0E-09-BA-75-25-0C-EF-AA-90-8E-2B">
      <ModulePath>C:\WINDOWS\Microsoft.Net\assembly\GAC_MSIL\System\v4.0_4.0.0.0__b77a5c561934e089\System.dll</ModulePath>
      <ModuleTime>2016-07-16T11:43:55.5461496Z</ModuleTime>
      <ModuleName>System</ModuleName>
      <Classes />
    </Module>
    <Module skippedDueTo="Filter" hash="E5-DE-BE-E6-36-3A-18-9D-19-75-10-62-04-4B-5A-43-5C-48-C4-34">
      <ModulePath>C:\WINDOWS\Microsoft.Net\assembly\GAC_MSIL\System.Core\v4.0_4.0.0.0__b77a5c561934e089\System.Core.dll</ModulePath>
      <ModuleTime>2016-07-16T11:43:57.1711464Z</ModuleTime>
      <ModuleName>System.Core</ModuleName>
      <Classes />
    </Module>
    <Module skippedDueTo="Filter" hash="55-AD-EE-D1-1C-53-49-75-E3-88-58-79-CF-B4-C2-5D-9B-C6-56-C1">
      <ModulePath>C:\WINDOWS\Microsoft.Net\assembly\GAC_64\System.Web\v4.0_4.0.0.0__b03f5f7f11d50a3a\System.Web.dll</ModulePath>
      <ModuleTime>2016-07-16T11:43:59.421142Z</ModuleTime>
      <ModuleName>System.Web</ModuleName>
      <Classes />
    </Module>
    <Module skippedDueTo="Filter" hash="7F-5A-24-08-6B-C7-C0-10-E9-46-95-83-CB-2C-BC-91-D7-A7-13-AC">
      <ModulePath>C:\Development\Cake.OctoDeploy\Cake.OctoDeploy.Tests\bin\Release\Cake.OctoDeploy.Tests.dll</ModulePath>
      <ModuleTime>2016-12-21T15:47:30.8455611Z</ModuleTime>
      <ModuleName>Cake.OctoDeploy.Tests</ModuleName>
      <Classes />
    </Module>
    <Module skippedDueTo="Filter" hash="6B-0D-A7-56-17-A2-26-94-93-DC-1A-68-5D-7A-0B-07-F2-E4-8C-75">
      <ModulePath>C:\Development\Cake.OctoDeploy\Cake.OctoDeploy.Tests\bin\Release\Newtonsoft.Json.dll</ModulePath>
      <ModuleTime>2016-06-13T21:06:14Z</ModuleTime>
      <ModuleName>Newtonsoft.Json</ModuleName>
      <Classes />
    </Module>
    <Module skippedDueTo="Filter" hash="57-F1-DE-80-29-11-CB-ED-2B-4E-0A-91-DD-6E-AB-76-5E-DE-15-47">
      <ModulePath>C:\Development\Cake.OctoDeploy\Cake.OctoDeploy.Tests\bin\Release\Cake.Core.dll</ModulePath>
      <ModuleTime>2016-11-09T19:16:08Z</ModuleTime>
      <ModuleName>Cake.Core</ModuleName>
      <Classes />
    </Module>
    <Module skippedDueTo="Filter" hash="88-45-F0-9C-3C-9F-72-79-CB-6A-82-FA-D7-DB-C3-4A-59-80-3C-6B">
      <ModulePath>C:\WINDOWS\Microsoft.Net\assembly\GAC_MSIL\System.Xml\v4.0_4.0.0.0__b77a5c561934e089\System.Xml.dll</ModulePath>
      <ModuleTime>2016-07-16T11:43:55.4992744Z</ModuleTime>
      <ModuleName>System.Xml</ModuleName>
      <Classes />
    </Module>
    <Module hash="1F-87-8B-11-43-DA-9A-80-59-45-8A-1B-A8-CC-4B-E2-24-BB-E9-AE">
      <Summary numSequencePoints="47" visitedSequencePoints="47" numBranchPoints="30" visitedBranchPoints="25" sequenceCoverage="100" branchCoverage="83.33" maxCyclomaticComplexity="5" minCyclomaticComplexity="1" visitedClasses="2" numClasses="2" visitedMethods="16" numMethods="16" />
      <ModulePath>C:\Development\Cake.OctoDeploy\Cake.OctoDeploy.Tests\bin\Release\Cake.OctoDeploy.dll</ModulePath>
      <ModuleTime>2016-12-21T15:47:30.6742633Z</ModuleTime>
      <ModuleName>Cake.OctoDeploy</ModuleName>
      <Files>
        <File uid="1" fullPath="C:\Development\Cake.OctoDeploy\Cake.OctoDeploy\OctoDeployAlias.cs" />
        <File uid="2" fullPath="C:\Development\Cake.OctoDeploy\Cake.OctoDeploy\OctoDeploySettings.cs" />
      </Files>
      <Classes>
        <Class>
          <Summary numSequencePoints="0" visitedSequencePoints="0" numBranchPoints="0" visitedBranchPoints="0" sequenceCoverage="0" branchCoverage="0" maxCyclomaticComplexity="0" minCyclomaticComplexity="0" visitedClasses="0" numClasses="0" visitedMethods="0" numMethods="0" />
          <FullName>&lt;Module&gt;</FullName>
          <Methods />
        </Class>
        <Class>
          <Summary numSequencePoints="41" visitedSequencePoints="41" numBranchPoints="24" visitedBranchPoints="19" sequenceCoverage="100" branchCoverage="79.17" maxCyclomaticComplexity="5" minCyclomaticComplexity="1" visitedClasses="1" numClasses="1" visitedMethods="10" numMethods="10" />
          <FullName>Cake.OctoDeploy.OctoDeployAlias</FullName>
          <Methods>
            <Method visited="true" cyclomaticComplexity="1" nPathComplexity="0" sequenceCoverage="100" branchCoverage="100" isConstructor="false" isStatic="true" isGetter="true" isSetter="false">
              <Summary numSequencePoints="1" visitedSequencePoints="1" numBranchPoints="1" visitedBranchPoints="1" sequenceCoverage="100" branchCoverage="100" maxCyclomaticComplexity="1" minCyclomaticComplexity="1" visitedClasses="0" numClasses="0" visitedMethods="1" numMethods="1" />
              <MetadataToken>100663297</MetadataToken>
              <Name>System.String Cake.OctoDeploy.OctoDeployAlias::get_GitHubApiBaseUrl()</Name>
              <FileRef uid="1" />
              <SequencePoints>
                <SequencePoint vc="15" uspid="1" ordinal="0" offset="0" sl="22" sc="49" el="22" ec="61" bec="0" bev="0" fileid="1" />
              </SequencePoints>
              <BranchPoints />
              <MethodPoint xsi:type="SequencePoint" vc="15" uspid="1" ordinal="0" offset="0" sl="22" sc="49" el="22" ec="61" bec="0" bev="0" fileid="1" />
            </Method>
            <Method visited="true" cyclomaticComplexity="1" nPathComplexity="0" sequenceCoverage="100" branchCoverage="100" isConstructor="false" isStatic="true" isGetter="false" isSetter="true">
              <Summary numSequencePoints="1" visitedSequencePoints="1" numBranchPoints="1" visitedBranchPoints="1" sequenceCoverage="100" branchCoverage="100" maxCyclomaticComplexity="1" minCyclomaticComplexity="1" visitedClasses="0" numClasses="0" visitedMethods="1" numMethods="1" />
              <MetadataToken>100663298</MetadataToken>
              <Name>System.Void Cake.OctoDeploy.OctoDeployAlias::set_GitHubApiBaseUrl(System.String)</Name>
              <FileRef uid="1" />
              <SequencePoints>
                <SequencePoint vc="9" uspid="2" ordinal="0" offset="0" sl="22" sc="62" el="22" ec="66" bec="0" bev="0" fileid="1" />
              </SequencePoints>
              <BranchPoints />
              <MethodPoint xsi:type="SequencePoint" vc="9" uspid="2" ordinal="0" offset="0" sl="22" sc="62" el="22" ec="66" bec="0" bev="0" fileid="1" />
            </Method>
            <Method visited="true" cyclomaticComplexity="1" nPathComplexity="0" sequenceCoverage="100" branchCoverage="100" isConstructor="false" isStatic="true" isGetter="false" isSetter="false">
              <Summary numSequencePoints="2" visitedSequencePoints="2" numBranchPoints="1" visitedBranchPoints="1" sequenceCoverage="100" branchCoverage="100" maxCyclomaticComplexity="1" minCyclomaticComplexity="1" visitedClasses="0" numClasses="0" visitedMethods="1" numMethods="1" />
              <MetadataToken>100663299</MetadataToken>
              <Name>System.Int32 Cake.OctoDeploy.OctoDeployAlias::PublishRelease(Cake.Core.ICakeContext,System.String,System.String,Cake.Core.IO.FilePath,System.Boolean,System.Boolean,Cake.OctoDeploy.OctoDeploySettings)</Name>
              <FileRef uid="1" />
              <SequencePoints>
                <SequencePoint vc="2" uspid="3" ordinal="0" offset="0" sl="42" sc="13" el="42" ec="80" bec="0" bev="0" fileid="1" />
                <SequencePoint vc="2" uspid="4" ordinal="1" offset="12" sl="43" sc="13" el="43" ec="122" bec="0" bev="0" fileid="1" />
              </SequencePoints>
              <BranchPoints />
              <MethodPoint xsi:type="SequencePoint" vc="2" uspid="3" ordinal="0" offset="0" sl="42" sc="13" el="42" ec="80" bec="0" bev="0" fileid="1" />
            </Method>
            <Method visited="true" cyclomaticComplexity="4" nPathComplexity="4" sequenceCoverage="100" branchCoverage="60" isConstructor="false" isStatic="true" isGetter="false" isSetter="false">
              <Summary numSequencePoints="8" visitedSequencePoints="8" numBranchPoints="5" visitedBranchPoints="3" sequenceCoverage="100" branchCoverage="60" maxCyclomaticComplexity="4" minCyclomaticComplexity="4" visitedClasses="0" numClasses="0" visitedMethods="1" numMethods="1" />
              <MetadataToken>100663300</MetadataToken>
              <Name>System.Int32 Cake.OctoDeploy.OctoDeployAlias::PublishRelease(Cake.Core.ICakeContext,System.String,System.String,System.String,System.Boolean,System.Boolean,Cake.OctoDeploy.OctoDeploySettings)</Name>
              <FileRef uid="1" />
              <SequencePoints>
                <SequencePoint vc="7" uspid="5" ordinal="0" offset="0" sl="59" sc="13" el="62" ec="15" bec="0" bev="0" fileid="1" />
                <SequencePoint vc="7" uspid="6" ordinal="1" offset="44" sl="64" sc="13" el="70" ec="15" bec="0" bev="0" fileid="1" />
                <SequencePoint vc="7" uspid="7" ordinal="2" offset="81" sl="74" sc="17" el="77" ec="29" bec="0" bev="0" fileid="1" />
                <SequencePoint vc="6" uspid="8" ordinal="3" offset="118" sl="79" sc="17" el="79" ec="88" bec="0" bev="0" fileid="1" />
                <SequencePoint vc="6" uspid="9" ordinal="4" offset="156" sl="81" sc="17" el="81" ec="34" bec="0" bev="0" fileid="1" />
                <SequencePoint vc="1" uspid="10" ordinal="5" offset="165" sl="85" sc="17" el="85" ec="63" bec="0" bev="0" fileid="1" />
                <SequencePoint vc="1" uspid="11" ordinal="6" offset="172" sl="86" sc="17" el="86" ec="162" bec="4" bev="2" fileid="1" />
                <SequencePoint vc="6" uspid="12" ordinal="7" offset="213" sl="88" sc="9" el="88" ec="10" bec="0" bev="0" fileid="1" />
              </SequencePoints>
              <BranchPoints>
                <BranchPoint vc="0" uspid="13" ordinal="0" offset="174" sl="86" path="0" offsetend="176" fileid="1" />
                <BranchPoint vc="1" uspid="14" ordinal="1" offset="174" sl="86" path="1" offsetend="179" fileid="1" />
                <BranchPoint vc="0" uspid="15" ordinal="2" offset="191" sl="86" path="0" offsetend="193" fileid="1" />
                <BranchPoint vc="1" uspid="16" ordinal="3" offset="191" sl="86" path="1" offsetend="202" fileid="1" />
              </BranchPoints>
              <MethodPoint xsi:type="SequencePoint" vc="7" uspid="5" ordinal="0" offset="0" sl="59" sc="13" el="62" ec="15" bec="0" bev="0" fileid="1" />
            </Method>
            <Method visited="true" cyclomaticComplexity="1" nPathComplexity="0" sequenceCoverage="100" branchCoverage="100" isConstructor="false" isStatic="true" isGetter="false" isSetter="false">
              <Summary numSequencePoints="3" visitedSequencePoints="3" numBranchPoints="1" visitedBranchPoints="1" sequenceCoverage="100" branchCoverage="100" maxCyclomaticComplexity="1" minCyclomaticComplexity="1" visitedClasses="0" numClasses="0" visitedMethods="1" numMethods="1" />
              <MetadataToken>100663301</MetadataToken>
              <Name>System.Void Cake.OctoDeploy.OctoDeployAlias::PublishReleaseWithArtifact(Cake.Core.ICakeContext,System.String,System.String,Cake.Core.IO.FilePath,System.Boolean,System.Boolean,Cake.Core.IO.FilePath,System.String,System.String,Cake.OctoDeploy.OctoDeploySettings)</Name>
              <FileRef uid="1" />
              <SequencePoints>
                <SequencePoint vc="1" uspid="17" ordinal="0" offset="0" sl="107" sc="13" el="108" ec="37" bec="0" bev="0" fileid="1" />
                <SequencePoint vc="1" uspid="18" ordinal="1" offset="16" sl="109" sc="13" el="109" ec="106" bec="0" bev="0" fileid="1" />
                <SequencePoint vc="1" uspid="19" ordinal="2" offset="31" sl="110" sc="9" el="110" ec="10" bec="0" bev="0" fileid="1" />
              </SequencePoints>
              <BranchPoints />
              <MethodPoint xsi:type="SequencePoint" vc="1" uspid="17" ordinal="0" offset="0" sl="107" sc="13" el="108" ec="37" bec="0" bev="0" fileid="1" />
            </Method>
            <Method visited="true" cyclomaticComplexity="1" nPathComplexity="0" sequenceCoverage="100" branchCoverage="100" isConstructor="false" isStatic="true" isGetter="false" isSetter="false">
              <Summary numSequencePoints="3" visitedSequencePoints="3" numBranchPoints="1" visitedBranchPoints="1" sequenceCoverage="100" branchCoverage="100" maxCyclomaticComplexity="1" minCyclomaticComplexity="1" visitedClasses="0" numClasses="0" visitedMethods="1" numMethods="1" />
              <MetadataToken>100663302</MetadataToken>
              <Name>System.Void Cake.OctoDeploy.OctoDeployAlias::PublishReleaseWithArtifact(Cake.Core.ICakeContext,System.String,System.String,System.String,System.Boolean,System.Boolean,Cake.Core.IO.FilePath,System.String,System.String,Cake.OctoDeploy.OctoDeploySettings)</Name>
              <FileRef uid="1" />
              <SequencePoints>
                <SequencePoint vc="1" uspid="20" ordinal="0" offset="0" sl="129" sc="13" el="130" ec="37" bec="0" bev="0" fileid="1" />
                <SequencePoint vc="1" uspid="21" ordinal="1" offset="16" sl="131" sc="13" el="131" ec="106" bec="0" bev="0" fileid="1" />
                <SequencePoint vc="1" uspid="22" ordinal="2" offset="31" sl="132" sc="9" el="132" ec="10" bec="0" bev="0" fileid="1" />
              </SequencePoints>
              <BranchPoints />
              <MethodPoint xsi:type="SequencePoint" vc="1" uspid="20" ordinal="0" offset="0" sl="129" sc="13" el="130" ec="37" bec="0" bev="0" fileid="1" />
            </Method>
            <Method visited="true" cyclomaticComplexity="1" nPathComplexity="0" sequenceCoverage="100" branchCoverage="100" isConstructor="false" isStatic="true" isGetter="false" isSetter="false">
              <Summary numSequencePoints="3" visitedSequencePoints="3" numBranchPoints="1" visitedBranchPoints="1" sequenceCoverage="100" branchCoverage="100" maxCyclomaticComplexity="1" minCyclomaticComplexity="1" visitedClasses="0" numClasses="0" visitedMethods="1" numMethods="1" />
              <MetadataToken>100663303</MetadataToken>
              <Name>System.Void Cake.OctoDeploy.OctoDeployAlias::PublishReleaseWithArtifacts(Cake.Core.ICakeContext,System.String,System.String,Cake.Core.IO.FilePath,System.Boolean,System.Boolean,Cake.Core.IO.FilePath[],System.String[],System.String[],Cake.OctoDeploy.OctoDeploySettings)</Name>
              <FileRef uid="1" />
              <SequencePoints>
                <SequencePoint vc="1" uspid="23" ordinal="0" offset="0" sl="152" sc="13" el="152" ec="80" bec="0" bev="0" fileid="1" />
                <SequencePoint vc="1" uspid="24" ordinal="1" offset="12" sl="153" sc="13" el="153" ec="177" bec="0" bev="0" fileid="1" />
                <SequencePoint vc="1" uspid="25" ordinal="2" offset="33" sl="154" sc="9" el="154" ec="10" bec="0" bev="0" fileid="1" />
              </SequencePoints>
              <BranchPoints />
              <MethodPoint xsi:type="SequencePoint" vc="1" uspid="23" ordinal="0" offset="0" sl="152" sc="13" el="152" ec="80" bec="0" bev="0" fileid="1" />
            </Method>
            <Method visited="true" cyclomaticComplexity="4" nPathComplexity="8" sequenceCoverage="100" branchCoverage="85.71" isConstructor="false" isStatic="true" isGetter="false" isSetter="false">
              <Summary numSequencePoints="8" visitedSequencePoints="8" numBranchPoints="7" visitedBranchPoints="6" sequenceCoverage="100" branchCoverage="85.71" maxCyclomaticComplexity="4" minCyclomaticComplexity="4" visitedClasses="0" numClasses="0" visitedMethods="1" numMethods="1" />
              <MetadataToken>100663304</MetadataToken>
              <Name>System.Void Cake.OctoDeploy.OctoDeployAlias::PublishReleaseWithArtifacts(Cake.Core.ICakeContext,System.String,System.String,System.String,System.Boolean,System.Boolean,Cake.Core.IO.FilePath[],System.String[],System.String[],Cake.OctoDeploy.OctoDeploySettings)</Name>
              <FileRef uid="1" />
              <SequencePoints>
                <SequencePoint vc="3" uspid="26" ordinal="0" offset="0" sl="174" sc="13" el="174" ec="114" bec="3" bev="3" fileid="1" />
                <SequencePoint vc="1" uspid="27" ordinal="1" offset="20" sl="176" sc="17" el="176" ec="126" bec="0" bev="0" fileid="1" />
                <SequencePoint vc="2" uspid="28" ordinal="2" offset="31" sl="179" sc="13" el="180" ec="37" bec="0" bev="0" fileid="1" />
                <SequencePoint vc="2" uspid="29" ordinal="3" offset="47" sl="181" sc="18" el="181" ec="27" bec="0" bev="0" fileid="1" />
                <SequencePoint vc="4" uspid="30" ordinal="4" offset="51" sl="183" sc="17" el="183" ec="122" bec="0" bev="0" fileid="1" />
                <SequencePoint vc="4" uspid="31" ordinal="5" offset="72" sl="181" sc="55" el="181" ec="58" bec="0" bev="0" fileid="1" />
                <SequencePoint vc="6" uspid="32" ordinal="6" offset="76" sl="181" sc="29" el="181" ec="53" bec="2" bev="2" fileid="1" />
                <SequencePoint vc="2" uspid="33" ordinal="7" offset="83" sl="185" sc="9" el="185" ec="10" bec="0" bev="0" fileid="1" />
              </SequencePoints>
              <BranchPoints>
                <BranchPoint vc="3" uspid="34" ordinal="0" offset="8" sl="174" path="0" offsetend="10" fileid="1" />
                <BranchPoint vc="0" uspid="35" ordinal="1" offset="8" sl="174" path="1" offsetend="20" fileid="1" />
                <BranchPoint vc="1" uspid="36" ordinal="2" offset="18" sl="174" path="0" offsetend="20" fileid="1" />
                <BranchPoint vc="2" uspid="37" ordinal="3" offset="18" sl="174" path="1" offsetend="31" fileid="1" />
                <BranchPoint vc="2" uspid="38" ordinal="4" offset="81" sl="181" path="0" offsetend="83" fileid="1" />
                <BranchPoint vc="4" uspid="39" ordinal="5" offset="81" sl="181" path="1" offsetend="51" fileid="1" />
              </BranchPoints>
              <MethodPoint xsi:type="SequencePoint" vc="3" uspid="26" ordinal="0" offset="0" sl="174" sc="13" el="174" ec="114" bec="3" bev="3" fileid="1" />
            </Method>
            <Method visited="true" cyclomaticComplexity="5" nPathComplexity="4" sequenceCoverage="100" branchCoverage="60" isConstructor="false" isStatic="true" isGetter="false" isSetter="false">
              <Summary numSequencePoints="11" visitedSequencePoints="11" numBranchPoints="5" visitedBranchPoints="3" sequenceCoverage="100" branchCoverage="60" maxCyclomaticComplexity="5" minCyclomaticComplexity="5" visitedClasses="0" numClasses="0" visitedMethods="1" numMethods="1" />
              <MetadataToken>100663305</MetadataToken>
              <Name>System.Void Cake.OctoDeploy.OctoDeployAlias::UploadArtifact(Cake.Core.ICakeContext,System.Int32,Cake.Core.IO.FilePath,System.String,System.String,Cake.OctoDeploy.OctoDeploySettings)</Name>
              <FileRef uid="1" />
              <SequencePoints>
                <SequencePoint vc="8" uspid="40" ordinal="0" offset="0" sl="199" sc="13" el="202" ec="15" bec="0" bev="0" fileid="1" />
                <SequencePoint vc="8" uspid="41" ordinal="1" offset="44" sl="204" sc="13" el="204" ec="63" bec="0" bev="0" fileid="1" />
                <SequencePoint vc="8" uspid="42" ordinal="2" offset="66" sl="205" sc="20" el="205" ec="78" bec="0" bev="0" fileid="1" />
                <SequencePoint vc="8" uspid="43" ordinal="3" offset="78" sl="207" sc="17" el="212" ec="19" bec="0" bev="0" fileid="1" />
                <SequencePoint vc="8" uspid="44" ordinal="4" offset="106" sl="216" sc="21" el="219" ec="33" bec="0" bev="0" fileid="1" />
                <SequencePoint vc="8" uspid="45" ordinal="5" offset="143" sl="221" sc="21" el="224" ec="29" bec="0" bev="0" fileid="1" />
                <SequencePoint vc="7" uspid="46" ordinal="6" offset="168" sl="226" sc="21" el="226" ec="116" bec="0" bev="0" fileid="1" />
                <SequencePoint vc="7" uspid="47" ordinal="7" offset="213" sl="227" sc="17" el="227" ec="18" bec="0" bev="0" fileid="1" />
                <SequencePoint vc="1" uspid="48" ordinal="8" offset="215" sl="230" sc="21" el="230" ec="67" bec="0" bev="0" fileid="1" />
                <SequencePoint vc="1" uspid="49" ordinal="9" offset="222" sl="231" sc="21" el="231" ec="166" bec="4" bev="2" fileid="1" />
                <SequencePoint vc="7" uspid="50" ordinal="10" offset="273" sl="234" sc="9" el="234" ec="10" bec="0" bev="0" fileid="1" />
              </SequencePoints>
              <BranchPoints>
                <BranchPoint vc="0" uspid="51" ordinal="0" offset="224" sl="231" path="0" offsetend="226" fileid="1" />
                <BranchPoint vc="1" uspid="52" ordinal="1" offset="224" sl="231" path="1" offsetend="229" fileid="1" />
                <BranchPoint vc="0" uspid="53" ordinal="2" offset="241" sl="231" path="0" offsetend="243" fileid="1" />
                <BranchPoint vc="1" uspid="54" ordinal="3" offset="241" sl="231" path="1" offsetend="252" fileid="1" />
              </BranchPoints>
              <MethodPoint xsi:type="SequencePoint" vc="8" uspid="40" ordinal="0" offset="0" sl="199" sc="13" el="202" ec="15" bec="0" bev="0" fileid="1" />
            </Method>
            <Method visited="true" cyclomaticComplexity="1" nPathComplexity="0" sequenceCoverage="100" branchCoverage="100" isConstructor="true" isStatic="true" isGetter="false" isSetter="false">
              <Summary numSequencePoints="1" visitedSequencePoints="1" numBranchPoints="1" visitedBranchPoints="1" sequenceCoverage="100" branchCoverage="100" maxCyclomaticComplexity="1" minCyclomaticComplexity="1" visitedClasses="0" numClasses="0" visitedMethods="1" numMethods="1" />
              <MetadataToken>100663306</MetadataToken>
              <Name>System.Void Cake.OctoDeploy.OctoDeployAlias::.cctor()</Name>
              <FileRef uid="1" />
              <SequencePoints>
                <SequencePoint vc="1" uspid="55" ordinal="0" offset="0" sl="22" sc="71" el="22" ec="95" bec="0" bev="0" fileid="1" />
              </SequencePoints>
              <BranchPoints />
              <MethodPoint xsi:type="SequencePoint" vc="1" uspid="55" ordinal="0" offset="0" sl="22" sc="71" el="22" ec="95" bec="0" bev="0" fileid="1" />
            </Method>
          </Methods>
        </Class>
        <Class>
          <Summary numSequencePoints="6" visitedSequencePoints="6" numBranchPoints="6" visitedBranchPoints="6" sequenceCoverage="100" branchCoverage="100" maxCyclomaticComplexity="1" minCyclomaticComplexity="1" visitedClasses="1" numClasses="1" visitedMethods="6" numMethods="6" />
          <FullName>Cake.OctoDeploy.OctoDeploySettings</FullName>
          <Methods>
            <Method visited="true" cyclomaticComplexity="1" nPathComplexity="0" sequenceCoverage="100" branchCoverage="100" isConstructor="false" isStatic="false" isGetter="true" isSetter="false">
              <Summary numSequencePoints="1" visitedSequencePoints="1" numBranchPoints="1" visitedBranchPoints="1" sequenceCoverage="100" branchCoverage="100" maxCyclomaticComplexity="1" minCyclomaticComplexity="1" visitedClasses="0" numClasses="0" visitedMethods="1" numMethods="1" />
              <MetadataToken>100663307</MetadataToken>
              <Name>System.String Cake.OctoDeploy.OctoDeploySettings::get_AccessToken()</Name>
              <FileRef uid="2" />
              <SequencePoints>
                <SequencePoint vc="15" uspid="56" ordinal="0" offset="0" sl="14" sc="37" el="14" ec="41" bec="0" bev="0" fileid="2" />
              </SequencePoints>
              <BranchPoints />
              <MethodPoint xsi:type="SequencePoint" vc="15" uspid="56" ordinal="0" offset="0" sl="14" sc="37" el="14" ec="41" bec="0" bev="0" fileid="2" />
            </Method>
            <Method visited="true" cyclomaticComplexity="1" nPathComplexity="0" sequenceCoverage="100" branchCoverage="100" isConstructor="false" isStatic="false" isGetter="false" isSetter="true">
              <Summary numSequencePoints="1" visitedSequencePoints="1" numBranchPoints="1" visitedBranchPoints="1" sequenceCoverage="100" branchCoverage="100" maxCyclomaticComplexity="1" minCyclomaticComplexity="1" visitedClasses="0" numClasses="0" visitedMethods="1" numMethods="1" />
              <MetadataToken>100663308</MetadataToken>
              <Name>System.Void Cake.OctoDeploy.OctoDeploySettings::set_AccessToken(System.String)</Name>
              <FileRef uid="2" />
              <SequencePoints>
                <SequencePoint vc="10" uspid="57" ordinal="0" offset="0" sl="14" sc="42" el="14" ec="46" bec="0" bev="0" fileid="2" />
              </SequencePoints>
              <BranchPoints />
              <MethodPoint xsi:type="SequencePoint" vc="10" uspid="57" ordinal="0" offset="0" sl="14" sc="42" el="14" ec="46" bec="0" bev="0" fileid="2" />
            </Method>
            <Method visited="true" cyclomaticComplexity="1" nPathComplexity="0" sequenceCoverage="100" branchCoverage="100" isConstructor="false" isStatic="false" isGetter="true" isSetter="false">
              <Summary numSequencePoints="1" visitedSequencePoints="1" numBranchPoints="1" visitedBranchPoints="1" sequenceCoverage="100" branchCoverage="100" maxCyclomaticComplexity="1" minCyclomaticComplexity="1" visitedClasses="0" numClasses="0" visitedMethods="1" numMethods="1" />
              <MetadataToken>100663309</MetadataToken>
              <Name>System.String Cake.OctoDeploy.OctoDeploySettings::get_Owner()</Name>
              <FileRef uid="2" />
              <SequencePoints>
                <SequencePoint vc="15" uspid="58" ordinal="0" offset="0" sl="19" sc="31" el="19" ec="35" bec="0" bev="0" fileid="2" />
              </SequencePoints>
              <BranchPoints />
              <MethodPoint xsi:type="SequencePoint" vc="15" uspid="58" ordinal="0" offset="0" sl="19" sc="31" el="19" ec="35" bec="0" bev="0" fileid="2" />
            </Method>
            <Method visited="true" cyclomaticComplexity="1" nPathComplexity="0" sequenceCoverage="100" branchCoverage="100" isConstructor="false" isStatic="false" isGetter="false" isSetter="true">
              <Summary numSequencePoints="1" visitedSequencePoints="1" numBranchPoints="1" visitedBranchPoints="1" sequenceCoverage="100" branchCoverage="100" maxCyclomaticComplexity="1" minCyclomaticComplexity="1" visitedClasses="0" numClasses="0" visitedMethods="1" numMethods="1" />
              <MetadataToken>100663310</MetadataToken>
              <Name>System.Void Cake.OctoDeploy.OctoDeploySettings::set_Owner(System.String)</Name>
              <FileRef uid="2" />
              <SequencePoints>
                <SequencePoint vc="10" uspid="59" ordinal="0" offset="0" sl="19" sc="36" el="19" ec="40" bec="0" bev="0" fileid="2" />
              </SequencePoints>
              <BranchPoints />
              <MethodPoint xsi:type="SequencePoint" vc="10" uspid="59" ordinal="0" offset="0" sl="19" sc="36" el="19" ec="40" bec="0" bev="0" fileid="2" />
            </Method>
            <Method visited="true" cyclomaticComplexity="1" nPathComplexity="0" sequenceCoverage="100" branchCoverage="100" isConstructor="false" isStatic="false" isGetter="true" isSetter="false">
              <Summary numSequencePoints="1" visitedSequencePoints="1" numBranchPoints="1" visitedBranchPoints="1" sequenceCoverage="100" branchCoverage="100" maxCyclomaticComplexity="1" minCyclomaticComplexity="1" visitedClasses="0" numClasses="0" visitedMethods="1" numMethods="1" />
              <MetadataToken>100663311</MetadataToken>
              <Name>System.String Cake.OctoDeploy.OctoDeploySettings::get_Repository()</Name>
              <FileRef uid="2" />
              <SequencePoints>
                <SequencePoint vc="15" uspid="60" ordinal="0" offset="0" sl="24" sc="36" el="24" ec="40" bec="0" bev="0" fileid="2" />
              </SequencePoints>
              <BranchPoints />
              <MethodPoint xsi:type="SequencePoint" vc="15" uspid="60" ordinal="0" offset="0" sl="24" sc="36" el="24" ec="40" bec="0" bev="0" fileid="2" />
            </Method>
            <Method visited="true" cyclomaticComplexity="1" nPathComplexity="0" sequenceCoverage="100" branchCoverage="100" isConstructor="false" isStatic="false" isGetter="false" isSetter="true">
              <Summary numSequencePoints="1" visitedSequencePoints="1" numBranchPoints="1" visitedBranchPoints="1" sequenceCoverage="100" branchCoverage="100" maxCyclomaticComplexity="1" minCyclomaticComplexity="1" visitedClasses="0" numClasses="0" visitedMethods="1" numMethods="1" />
              <MetadataToken>100663312</MetadataToken>
              <Name>System.Void Cake.OctoDeploy.OctoDeploySettings::set_Repository(System.String)</Name>
              <FileRef uid="2" />
              <SequencePoints>
                <SequencePoint vc="10" uspid="61" ordinal="0" offset="0" sl="24" sc="41" el="24" ec="45" bec="0" bev="0" fileid="2" />
              </SequencePoints>
              <BranchPoints />
              <MethodPoint xsi:type="SequencePoint" vc="10" uspid="61" ordinal="0" offset="0" sl="24" sc="41" el="24" ec="45" bec="0" bev="0" fileid="2" />
            </Method>
            <Method visited="true" cyclomaticComplexity="1" nPathComplexity="0" sequenceCoverage="0" branchCoverage="0" isConstructor="true" isStatic="false" isGetter="false" isSetter="false">
              <Summary numSequencePoints="0" visitedSequencePoints="0" numBranchPoints="0" visitedBranchPoints="0" sequenceCoverage="0" branchCoverage="0" maxCyclomaticComplexity="1" minCyclomaticComplexity="1" visitedClasses="0" numClasses="0" visitedMethods="0" numMethods="0" />
              <MetadataToken>100663313</MetadataToken>
              <Name>System.Void Cake.OctoDeploy.OctoDeploySettings::.ctor()</Name>
              <SequencePoints />
              <BranchPoints />
              <MethodPoint vc="10" uspid="62" ordinal="0" offset="0" />
            </Method>
          </Methods>
        </Class>
      </Classes>
    </Module>
    <Module skippedDueTo="Filter" hash="78-B4-8D-11-8D-54-0C-00-BE-3D-66-66-C8-4F-AC-04-F0-D3-BA-43">
      <ModulePath>C:\Development\Cake.OctoDeploy\Cake.OctoDeploy.Tests\bin\Release\HttpMock.dll</ModulePath>
      <ModuleTime>2016-10-27T13:46:20Z</ModuleTime>
      <ModuleName>HttpMock</ModuleName>
      <Classes />
    </Module>
    <Module skippedDueTo="Filter" hash="4E-97-3F-16-8E-2E-92-24-64-8C-99-DD-41-07-FD-62-62-36-AE-84">
      <ModulePath>C:\Development\Cake.OctoDeploy\Cake.OctoDeploy.Tests\bin\Release\FluentAssertions.dll</ModulePath>
      <ModuleTime>2016-12-04T18:17:22Z</ModuleTime>
      <ModuleName>FluentAssertions</ModuleName>
      <Classes />
    </Module>
    <Module skippedDueTo="Filter" hash="D0-78-F9-97-18-07-FB-B0-FA-48-A6-FF-40-46-30-CA-1A-AA-D2-55">
      <ModulePath>C:\Development\Cake.OctoDeploy\Cake.OctoDeploy.Tests\bin\Release\FluentAssertions.Core.dll</ModulePath>
      <ModuleTime>2016-12-04T18:17:22Z</ModuleTime>
      <ModuleName>FluentAssertions.Core</ModuleName>
      <Classes />
    </Module>
    <Module skippedDueTo="Filter" hash="61-8C-60-0C-5A-A9-3A-D2-9F-5C-32-00-C9-EC-18-46-45-70-EE-2C">
      <ModulePath>C:\Development\Cake.OctoDeploy\Cake.OctoDeploy.Tests\bin\Release\Moq.dll</ModulePath>
      <ModuleTime>2016-12-10T15:36:08Z</ModuleTime>
      <ModuleName>Moq</ModuleName>
      <Classes />
    </Module>
    <Module skippedDueTo="Filter" hash="">
      <ModulePath>RefEmit_InMemoryManifestModule</ModulePath>
      <ModuleTime>0001-01-01T00:00:00</ModuleTime>
      <ModuleName>Anonymously Hosted DynamicMethods Assembly</ModuleName>
      <Classes />
    </Module>
    <Module skippedDueTo="Filter" hash="23-33-79-72-4F-FC-25-C3-0B-9C-9F-67-D3-F4-FF-B5-AC-71-BA-93">
      <ModulePath>C:\Development\Cake.OctoDeploy\Cake.OctoDeploy.Tests\bin\Release\Castle.Core.dll</ModulePath>
      <ModuleTime>2014-11-06T00:14:08Z</ModuleTime>
      <ModuleName>Castle.Core</ModuleName>
      <Classes />
    </Module>
    <Module skippedDueTo="Filter" hash="34-A3-5D-67-8E-E7-DB-60-FE-97-F3-BD-D4-E7-40-6B-00-DA-51-C8">
      <ModulePath>C:\WINDOWS\Microsoft.Net\assembly\GAC_MSIL\System.Configuration\v4.0_4.0.0.0__b03f5f7f11d50a3a\System.Configuration.dll</ModulePath>
      <ModuleTime>2016-07-16T11:43:53.9992781Z</ModuleTime>
      <ModuleName>System.Configuration</ModuleName>
      <Classes />
    </Module>
    <Module skippedDueTo="Filter" hash="">
      <ModulePath>RefEmit_InMemoryManifestModule</ModulePath>
      <ModuleTime>0001-01-01T00:00:00</ModuleTime>
      <ModuleName>DynamicProxyGenAssembly2</ModuleName>
      <Classes />
    </Module>
    <Module skippedDueTo="Filter" hash="">
      <ModulePath>RefEmit_InMemoryManifestModule</ModulePath>
      <ModuleTime>0001-01-01T00:00:00</ModuleTime>
      <ModuleName>DynamicProxyGenAssembly2</ModuleName>
      <Classes />
    </Module>
    <Module skippedDueTo="Filter" hash="F6-FA-62-5C-D8-E1-47-88-77-60-0F-FE-B7-9A-5D-35-04-9B-C8-18">
      <ModulePath>C:\Development\Cake.OctoDeploy\Cake.OctoDeploy.Tests\bin\Release\log4net.dll</ModulePath>
      <ModuleTime>2015-12-10T14:55:06Z</ModuleTime>
      <ModuleName>log4net</ModuleName>
      <Classes />
    </Module>
    <Module skippedDueTo="Filter" hash="1C-97-1E-CC-74-75-06-44-9C-93-B1-08-C9-C8-E7-A1-8E-74-64-20">
      <ModulePath>C:\Development\Cake.OctoDeploy\Cake.OctoDeploy.Tests\bin\Release\Kayak.dll</ModulePath>
      <ModuleTime>2011-08-14T22:18:18Z</ModuleTime>
      <ModuleName>Kayak</ModuleName>
      <Classes />
    </Module>
    <Module skippedDueTo="Filter" hash="46-B3-F1-6D-41-CD-FC-CD-AA-FB-7E-8F-22-00-82-2C-C2-7D-A3-CF">
      <ModulePath>C:\WINDOWS\Microsoft.Net\assembly\GAC_MSIL\System.Numerics\v4.0_4.0.0.0__b77a5c561934e089\System.Numerics.dll</ModulePath>
      <ModuleTime>2016-07-16T11:43:55.4992744Z</ModuleTime>
      <ModuleName>System.Numerics</ModuleName>
      <Classes />
    </Module>
    <Module skippedDueTo="Filter" hash="F8-90-24-28-FA-E8-D6-3A-E4-F6-C0-41-CB-CD-BD-C4-69-92-8C-30">
      <ModulePath>C:\WINDOWS\Microsoft.Net\assembly\GAC_MSIL\System.Runtime.Serialization\v4.0_4.0.0.0__b77a5c561934e089\System.Runtime.Serialization.dll</ModulePath>
      <ModuleTime>2016-07-16T11:43:57.3742711Z</ModuleTime>
      <ModuleName>System.Runtime.Serialization</ModuleName>
      <Classes />
    </Module>
    <Module skippedDueTo="Filter" hash="83-29-FE-C7-E7-7A-90-21-8F-92-A4-B2-93-EC-A9-9B-7E-10-7C-E5">
      <ModulePath>C:\WINDOWS\Microsoft.Net\assembly\GAC_MSIL\System.Xml.Linq\v4.0_4.0.0.0__b77a5c561934e089\System.Xml.Linq.dll</ModulePath>
      <ModuleTime>2016-07-16T11:43:57.0930219Z</ModuleTime>
      <ModuleName>System.Xml.Linq</ModuleName>
      <Classes />
    </Module>
    <Module skippedDueTo="Filter" hash="CA-60-A8-F1-2D-F3-88-30-2A-73-8E-ED-05-76-BC-66-B5-86-4C-AD">
      <ModulePath>C:\WINDOWS\Microsoft.Net\assembly\GAC_64\System.Data\v4.0_4.0.0.0__b77a5c561934e089\System.Data.dll</ModulePath>
      <ModuleTime>2016-12-01T02:50:25.741036Z</ModuleTime>
      <ModuleName>System.Data</ModuleName>
      <Classes />
    </Module>
    <Module skippedDueTo="Filter" hash="C8-77-BE-DF-D7-C4-EE-5A-57-86-A7-F3-14-2C-E0-08-7A-1F-03-9D">
      <ModulePath>C:\Development\Cake.OctoDeploy\Cake.OctoDeploy.Tests\bin\Release\Octokit.dll</ModulePath>
      <ModuleTime>2016-10-07T11:01:18Z</ModuleTime>
      <ModuleName>Octokit</ModuleName>
      <Classes />
    </Module>
    <Module skippedDueTo="Filter" hash="10-57-A7-EF-79-9A-41-A9-99-64-D8-4D-FD-F3-F2-D8-DF-89-08-EC">
      <ModulePath>C:\WINDOWS\Microsoft.Net\assembly\GAC_MSIL\System.Net.Http\v4.0_4.0.0.0__b03f5f7f11d50a3a\System.Net.Http.dll</ModulePath>
      <ModuleTime>2016-07-16T11:43:55.5773993Z</ModuleTime>
      <ModuleName>System.Net.Http</ModuleName>
      <Classes />
    </Module>
  </Modules>
</CoverageSession>